<?xml version="1.0" encoding="UTF-8"?>
<testsuite xmlns:xsi="http://www.w3.org/2001/XMLSchema-instance" xsi:noNamespaceSchemaLocation="https://maven.apache.org/surefire/maven-surefire-plugin/xsd/surefire-test-report-3.0.xsd" version="3.0" name="com.t13.buckyworld.LocationControllerTest" time="0.666" tests="4" errors="0" skipped="0" failures="0">
  <properties>
[...]
</properties>
  <testcase name="testGetLocations_EmptyList" classname="com.t13.buckyworld.LocationControllerTest" time="0.645"/>
  <testcase name="testGetLocationById_ExistingLocation" classname="com.t13.buckyworld.LocationControllerTest" time="0.007">
    <system-out><![CDATA[Received request for location with id: 1
Returning location: com.t13.buckyworld.Location@376498da
]]></system-out>
  </testcase>
  <testcase name="testGetLocations_MultipleLocations" classname="com.t13.buckyworld.LocationControllerTest" time="0.002"/>
  <testcase name="testGetLocationById_NonExistingLocation" classname="com.t13.buckyworld.LocationControllerTest" time="0.003">
    <system-out><![CDATA[Received request for location with id: 1
Returning location: null
]]></system-out>
  </testcase>
</testsuite>